<?xml version="1.0" encoding="UTF-8"?>
<testng-results ignored="0" total="1" passed="1" failed="0" skipped="0">
  <reporter-output>
  </reporter-output>
  <suite started-at="2025-03-20T11:53:34 IST" name="Default suite" finished-at="2025-03-20T11:53:59 IST" duration-ms="25155">
    <groups>
    </groups>
    <test started-at="2025-03-20T11:53:34 IST" name="Default test" finished-at="2025-03-20T11:53:59 IST" duration-ms="25155">
      <class name="testPackage.TC_BuyProduct_003_Test">
        <test-method is-config="true" signature="browserSetup()[pri:0, instance:testPackage.TC_BuyProduct_003_Test@158d2680]" started-at="2025-03-20T11:53:34 IST" name="browserSetup" finished-at="2025-03-20T11:53:37 IST" duration-ms="3316" status="PASS">
          <reporter-output>
          </reporter-output>
        </test-method> <!-- browserSetup -->
        <test-method is-config="true" signature="validLogin()[pri:0, instance:testPackage.TC_BuyProduct_003_Test@158d2680]" started-at="2025-03-20T11:53:37 IST" name="validLogin" finished-at="2025-03-20T11:53:45 IST" duration-ms="7904" status="PASS">
          <reporter-output>
          </reporter-output>
        </test-method> <!-- validLogin -->
        <test-method signature="buyProduct()[pri:0, instance:testPackage.TC_BuyProduct_003_Test@158d2680]" started-at="2025-03-20T11:53:45 IST" name="buyProduct" finished-at="2025-03-20T11:53:57 IST" duration-ms="12114" status="PASS">
          <reporter-output>
          </reporter-output>
        </test-method> <!-- buyProduct -->
        <test-method is-config="true" signature="logOut()[pri:0, instance:testPackage.TC_BuyProduct_003_Test@158d2680]" started-at="2025-03-20T11:53:57 IST" name="logOut" finished-at="2025-03-20T11:53:59 IST" duration-ms="1362" status="PASS">
          <reporter-output>
          </reporter-output>
        </test-method> <!-- logOut -->
        <test-method is-config="true" signature="browserTearDown()[pri:0, instance:testPackage.TC_BuyProduct_003_Test@158d2680]" started-at="2025-03-20T11:53:59 IST" name="browserTearDown" finished-at="2025-03-20T11:53:59 IST" duration-ms="424" status="PASS">
          <reporter-output>
          </reporter-output>
        </test-method> <!-- browserTearDown -->
      </class> <!-- testPackage.TC_BuyProduct_003_Test -->
    </test> <!-- Default test -->
  </suite> <!-- Default suite -->
</testng-results>
