<?xml version="1.0" encoding="UTF-8"?>
<!-- Generated by org.testng.reporters.JUnitXMLReporter -->
<testsuite ignored="0" hostname="LAPTOP-1HO00DKE" failures="1" tests="1" name="Test" time="7.17" errors="0" timestamp="2025-03-08T12:25:16 IST">
  <testcase classname="testNG5_Listeners.DWSValidLogin" name="validLogin" time="1.166">
    <failure type="java.lang.NullPointerException" message="Cannot invoke &amp;quot;Object.toString()&amp;quot; because &amp;quot;cell&amp;quot; is null">
      <![CDATA[java.lang.NullPointerException: Cannot invoke "Object.toString()" because "cell" is null
at testNG5_Listeners.Flib.readExcelData(Flib.java:24)
at testNG5_Listeners.DWSValidLogin.validLogin(DWSValidLogin.java:23)
at java.base/java.util.ArrayList.forEach(ArrayList.java:1597)
... Removed 25 stack frames]]>
    </failure>
  </testcase> <!-- validLogin -->
</testsuite> <!-- Test -->
